[34minfo[39m: MongoDB Connected: localhost {"service":"device","timestamp":"2022-03-24 20:16:42"}
[34minfo[39m: Server is listening at http://localhost:8889 {"service":"device","timestamp":"2022-03-24 20:16:42"}
[34minfo[39m: MongoDB Connected: localhost {"service":"device","timestamp":"2022-03-24 20:22:32"}
[34minfo[39m: Server is listening at http://localhost:8889 {"service":"device","timestamp":"2022-03-24 20:22:32"}
[34minfo[39m: MongoDB Connected: localhost {"service":"device","timestamp":"2022-03-24 20:45:30"}
[34minfo[39m: Server is listening at http://localhost:8889 {"service":"device","timestamp":"2022-03-24 20:45:30"}
[34minfo[39m: MongoDB Connected: localhost {"service":"device","timestamp":"2022-03-24 20:46:25"}
[34minfo[39m: Server is listening at http://localhost:8889 {"service":"device","timestamp":"2022-03-24 20:46:25"}
[34minfo[39m: MongoDB Connected: localhost {"service":"device","timestamp":"2022-03-24 20:48:07"}
[34minfo[39m: Server is listening at http://localhost:8889 {"service":"device","timestamp":"2022-03-24 20:48:07"}
[34minfo[39m: MongoDB Connected: localhost {"service":"device","timestamp":"2022-03-24 20:49:30"}
[34minfo[39m: Server is listening at http://localhost:8889 {"service":"device","timestamp":"2022-03-24 20:49:30"}
[34minfo[39m: MongoDB Connected: localhost {"service":"device","timestamp":"2022-03-25 09:57:13"}
[34minfo[39m: Server is listening at http://localhost:8889 {"service":"device","timestamp":"2022-03-25 09:57:13"}
[34minfo[39m: MongoDB Connected: localhost {"service":"device","timestamp":"2022-03-25 10:05:53"}
[34minfo[39m: Server is listening at http://localhost:8889 {"service":"device","timestamp":"2022-03-25 10:05:53"}
[34minfo[39m: MongoDB Connected: localhost {"service":"device","timestamp":"2022-03-25 10:06:00"}
[34minfo[39m: Server is listening at http://localhost:8889 {"service":"device","timestamp":"2022-03-25 10:06:00"}
[34minfo[39m: MongoDB Connected: localhost {"service":"device","timestamp":"2022-03-25 10:08:38"}
[34minfo[39m: Server is listening at http://localhost:8889 {"service":"device","timestamp":"2022-03-25 10:08:38"}
[34minfo[39m: MongoDB Connected: localhost {"service":"device","timestamp":"2022-03-25 10:08:43"}
[34minfo[39m: Server is listening at http://localhost:8889 {"service":"device","timestamp":"2022-03-25 10:08:43"}
[34minfo[39m: MongoDB Connected: localhost {"service":"device","timestamp":"2022-03-25 10:08:58"}
[34minfo[39m: Server is listening at http://localhost:8889 {"service":"device","timestamp":"2022-03-25 10:08:58"}
[34minfo[39m: MongoDB Connected: localhost {"service":"device","timestamp":"2022-03-25 10:09:01"}
[34minfo[39m: Server is listening at http://localhost:8889 {"service":"device","timestamp":"2022-03-25 10:09:01"}
[34minfo[39m: MongoDB Connected: localhost {"service":"device","timestamp":"2022-03-25 10:13:52"}
[34minfo[39m: Server is listening at http://localhost:8889 {"service":"device","timestamp":"2022-03-25 10:13:52"}
[34minfo[39m: MongoDB Connected: localhost {"service":"device","timestamp":"2022-03-25 10:14:20"}
[34minfo[39m: Server is listening at http://localhost:8889 {"service":"device","timestamp":"2022-03-25 10:14:20"}
[34minfo[39m: MongoDB Connected: localhost {"service":"device","timestamp":"2022-03-25 10:14:47"}
[34minfo[39m: Server is listening at http://localhost:8889 {"service":"device","timestamp":"2022-03-25 10:14:47"}
[34minfo[39m: MongoDB Connected: localhost {"service":"device","timestamp":"2022-03-25 10:15:03"}
[34minfo[39m: Server is listening at http://localhost:8889 {"service":"device","timestamp":"2022-03-25 10:15:03"}
[34minfo[39m: MongoDB Connected: localhost {"service":"device","timestamp":"2022-03-25 10:15:37"}
[34minfo[39m: Server is listening at http://localhost:8889 {"service":"device","timestamp":"2022-03-25 10:15:37"}
[34minfo[39m: MongoDB Connected: localhost {"service":"device","timestamp":"2022-03-25 10:15:51"}
[34minfo[39m: Server is listening at http://localhost:8889 {"service":"device","timestamp":"2022-03-25 10:15:51"}
[34minfo[39m: MongoDB Connected: localhost {"service":"device","timestamp":"2022-03-25 10:16:00"}
[34minfo[39m: Server is listening at http://localhost:8889 {"service":"device","timestamp":"2022-03-25 10:16:00"}
[34minfo[39m: MongoDB Connected: localhost {"service":"device","timestamp":"2022-03-25 10:19:52"}
[34minfo[39m: Server is listening at http://localhost:8889 {"service":"device","timestamp":"2022-03-25 10:19:52"}
[34minfo[39m: MongoDB Connected: localhost {"service":"device","timestamp":"2022-03-25 10:19:55"}
[34minfo[39m: Server is listening at http://localhost:8889 {"service":"device","timestamp":"2022-03-25 10:19:55"}
[34minfo[39m: MongoDB Connected: localhost {"service":"device","timestamp":"2022-03-25 10:21:41"}
[34minfo[39m: Server is listening at http://localhost:8889 {"service":"device","timestamp":"2022-03-25 10:21:41"}
[34minfo[39m: MongoDB Connected: localhost {"service":"device","timestamp":"2022-03-25 10:25:10"}
[34minfo[39m: Server is listening at http://localhost:8889 {"service":"device","timestamp":"2022-03-25 10:25:10"}
[34minfo[39m: MongoDB Connected: localhost {"service":"device","timestamp":"2022-03-25 11:00:09"}
[34minfo[39m: Server is listening at http://localhost:8889 {"service":"device","timestamp":"2022-03-25 11:00:09"}
[34minfo[39m: MongoDB Connected: localhost {"service":"device","timestamp":"2022-03-25 11:02:13"}
[34minfo[39m: Server is listening at http://localhost:8889 {"service":"device","timestamp":"2022-03-25 11:02:13"}
[34minfo[39m: MongoDB Connected: localhost {"service":"device","timestamp":"2022-03-25 11:02:46"}
[34minfo[39m: Server is listening at http://localhost:8889 {"service":"device","timestamp":"2022-03-25 11:02:46"}
[34minfo[39m: MongoDB Connected: localhost {"service":"device","timestamp":"2022-03-25 19:40:00"}
[34minfo[39m: Server is listening at http://localhost:8889 {"service":"device","timestamp":"2022-03-25 19:40:00"}
[34minfo[39m: MongoDB Connected: localhost {"service":"device","timestamp":"2022-03-25 19:45:27"}
[34minfo[39m: Server is listening at http://localhost:8889 {"service":"device","timestamp":"2022-03-25 19:45:27"}
[34minfo[39m: MongoDB Connected: localhost {"service":"device","timestamp":"2022-03-25 20:08:47"}
[34minfo[39m: Server is listening at http://localhost:8889 {"service":"device","timestamp":"2022-03-25 20:08:47"}
[34minfo[39m: MongoDB Connected: localhost {"service":"device","timestamp":"2022-03-25 20:09:30"}
[34minfo[39m: Server is listening at http://localhost:8889 {"service":"device","timestamp":"2022-03-25 20:09:30"}
[34minfo[39m: MongoDB Connected: localhost {"service":"device","timestamp":"2022-03-25 20:09:43"}
[34minfo[39m: Server is listening at http://localhost:8889 {"service":"device","timestamp":"2022-03-25 20:09:43"}
[34minfo[39m: MongoDB Connected: localhost {"service":"device","timestamp":"2022-03-25 20:11:11"}
[34minfo[39m: Server is listening at http://localhost:8889 {"service":"device","timestamp":"2022-03-25 20:11:11"}
[34minfo[39m: MongoDB Connected: localhost {"service":"device","timestamp":"2022-03-25 20:11:25"}
[34minfo[39m: Server is listening at http://localhost:8889 {"service":"device","timestamp":"2022-03-25 20:11:25"}
[34minfo[39m: MongoDB Connected: localhost {"service":"device","timestamp":"2022-03-25 20:11:37"}
[34minfo[39m: Server is listening at http://localhost:8889 {"service":"device","timestamp":"2022-03-25 20:11:37"}
[34minfo[39m: MongoDB Connected: localhost {"service":"device","timestamp":"2022-03-25 20:36:11"}
[34minfo[39m: Server is listening at http://localhost:8889 {"service":"device","timestamp":"2022-03-25 20:36:11"}
[34minfo[39m: MongoDB Connected: localhost {"service":"device","timestamp":"2022-03-25 20:43:06"}
[34minfo[39m: Server is listening at http://localhost:8889 {"service":"device","timestamp":"2022-03-25 20:43:06"}
[34minfo[39m: MongoDB Connected: localhost {"service":"device","timestamp":"2022-03-25 20:44:23"}
[34minfo[39m: Server is listening at http://localhost:8889 {"service":"device","timestamp":"2022-03-25 20:44:23"}
[34minfo[39m: MongoDB Connected: localhost {"service":"device","timestamp":"2022-03-25 20:45:37"}
[34minfo[39m: Server is listening at http://localhost:8889 {"service":"device","timestamp":"2022-03-25 20:45:37"}
[34minfo[39m: MongoDB Connected: localhost {"service":"device","timestamp":"2022-03-25 20:45:42"}
[34minfo[39m: Server is listening at http://localhost:8889 {"service":"device","timestamp":"2022-03-25 20:45:42"}
[34minfo[39m: MongoDB Connected: localhost {"service":"device","timestamp":"2022-03-25 20:46:14"}
[34minfo[39m: Server is listening at http://localhost:8889 {"service":"device","timestamp":"2022-03-25 20:46:14"}
[34minfo[39m: MongoDB Connected: localhost {"service":"device","timestamp":"2022-03-25 20:46:17"}
[34minfo[39m: Server is listening at http://localhost:8889 {"service":"device","timestamp":"2022-03-25 20:46:17"}
[34minfo[39m: MongoDB Connected: localhost {"service":"device","timestamp":"2022-03-25 20:46:23"}
[34minfo[39m: Server is listening at http://localhost:8889 {"service":"device","timestamp":"2022-03-25 20:46:23"}
[34minfo[39m: MongoDB Connected: localhost {"service":"device","timestamp":"2022-03-25 20:47:42"}
[34minfo[39m: Server is listening at http://localhost:8889 {"service":"device","timestamp":"2022-03-25 20:47:42"}
[34minfo[39m: MongoDB Connected: localhost {"service":"device","timestamp":"2022-03-25 20:47:48"}
[34minfo[39m: Server is listening at http://localhost:8889 {"service":"device","timestamp":"2022-03-25 20:47:48"}
[34minfo[39m: MongoDB Connected: localhost {"service":"device","timestamp":"2022-03-25 20:47:57"}
[34minfo[39m: Server is listening at http://localhost:8889 {"service":"device","timestamp":"2022-03-25 20:47:57"}
[34minfo[39m: MongoDB Connected: localhost {"service":"device","timestamp":"2022-03-25 20:48:08"}
[34minfo[39m: Server is listening at http://localhost:8889 {"service":"device","timestamp":"2022-03-25 20:48:08"}
[34minfo[39m: MongoDB Connected: localhost {"service":"device","timestamp":"2022-03-25 20:52:50"}
[34minfo[39m: Server is listening at http://localhost:8889 {"service":"device","timestamp":"2022-03-25 20:52:50"}
[34minfo[39m: MongoDB Connected: localhost {"service":"device","timestamp":"2022-03-25 20:52:54"}
[34minfo[39m: Server is listening at http://localhost:8889 {"service":"device","timestamp":"2022-03-25 20:52:54"}
[34minfo[39m: MongoDB Connected: localhost {"service":"device","timestamp":"2022-03-25 20:53:29"}
[34minfo[39m: Server is listening at http://localhost:8889 {"service":"device","timestamp":"2022-03-25 20:53:29"}
[34minfo[39m: MongoDB Connected: localhost {"service":"device","timestamp":"2022-03-25 20:54:27"}
[34minfo[39m: Server is listening at http://localhost:8889 {"service":"device","timestamp":"2022-03-25 20:54:27"}
[34minfo[39m: MongoDB Connected: localhost {"service":"device","timestamp":"2022-03-25 20:54:30"}
[34minfo[39m: Server is listening at http://localhost:8889 {"service":"device","timestamp":"2022-03-25 20:54:30"}
[34minfo[39m: MongoDB Connected: localhost {"service":"device","timestamp":"2022-03-25 20:55:15"}
[34minfo[39m: Server is listening at http://localhost:8889 {"service":"device","timestamp":"2022-03-25 20:55:15"}
[34minfo[39m: MongoDB Connected: localhost {"service":"device","timestamp":"2022-03-25 20:55:24"}
[34minfo[39m: Server is listening at http://localhost:8889 {"service":"device","timestamp":"2022-03-25 20:55:24"}
[34minfo[39m: MongoDB Connected: localhost {"service":"device","timestamp":"2022-03-25 20:55:33"}
[34minfo[39m: Server is listening at http://localhost:8889 {"service":"device","timestamp":"2022-03-25 20:55:33"}
[34minfo[39m: MongoDB Connected: localhost {"service":"device","timestamp":"2022-03-25 20:55:42"}
[34minfo[39m: Server is listening at http://localhost:8889 {"service":"device","timestamp":"2022-03-25 20:55:42"}
[34minfo[39m: MongoDB Connected: localhost {"service":"device","timestamp":"2022-03-25 20:56:07"}
[34minfo[39m: Server is listening at http://localhost:8889 {"service":"device","timestamp":"2022-03-25 20:56:07"}
[34minfo[39m: MongoDB Connected: localhost {"service":"device","timestamp":"2022-03-25 20:56:10"}
[34minfo[39m: Server is listening at http://localhost:8889 {"service":"device","timestamp":"2022-03-25 20:56:10"}
[34minfo[39m: MongoDB Connected: localhost {"service":"device","timestamp":"2022-03-25 20:56:27"}
[34minfo[39m: Server is listening at http://localhost:8889 {"service":"device","timestamp":"2022-03-25 20:56:27"}
[34minfo[39m: MongoDB Connected: localhost {"service":"device","timestamp":"2022-03-25 20:56:37"}
[34minfo[39m: Server is listening at http://localhost:8889 {"service":"device","timestamp":"2022-03-25 20:56:37"}
[34minfo[39m: MongoDB Connected: localhost {"service":"device","timestamp":"2022-03-25 20:57:05"}
[34minfo[39m: Server is listening at http://localhost:8889 {"service":"device","timestamp":"2022-03-25 20:57:05"}
[34minfo[39m: MongoDB Connected: localhost {"service":"device","timestamp":"2022-03-25 20:57:16"}
[34minfo[39m: Server is listening at http://localhost:8889 {"service":"device","timestamp":"2022-03-25 20:57:16"}
[34minfo[39m: MongoDB Connected: localhost {"service":"device","timestamp":"2022-03-25 20:57:20"}
[34minfo[39m: Server is listening at http://localhost:8889 {"service":"device","timestamp":"2022-03-25 20:57:20"}
[34minfo[39m: MongoDB Connected: localhost {"service":"device","timestamp":"2022-03-25 20:57:35"}
[34minfo[39m: Server is listening at http://localhost:8889 {"service":"device","timestamp":"2022-03-25 20:57:35"}
[34minfo[39m: MongoDB Connected: localhost {"service":"device","timestamp":"2022-03-25 20:58:01"}
[34minfo[39m: Server is listening at http://localhost:8889 {"service":"device","timestamp":"2022-03-25 20:58:01"}
[34minfo[39m: MongoDB Connected: localhost {"service":"device","timestamp":"2022-03-25 20:59:33"}
[34minfo[39m: Server is listening at http://localhost:8889 {"service":"device","timestamp":"2022-03-25 20:59:33"}
[34minfo[39m: MongoDB Connected: localhost {"service":"device","timestamp":"2022-03-25 20:59:36"}
[34minfo[39m: Server is listening at http://localhost:8889 {"service":"device","timestamp":"2022-03-25 20:59:36"}
[34minfo[39m: MongoDB Connected: localhost {"service":"device","timestamp":"2022-03-25 20:59:51"}
[34minfo[39m: Server is listening at http://localhost:8889 {"service":"device","timestamp":"2022-03-25 20:59:51"}
[34minfo[39m: MongoDB Connected: localhost {"service":"device","timestamp":"2022-03-25 21:00:03"}
[34minfo[39m: Server is listening at http://localhost:8889 {"service":"device","timestamp":"2022-03-25 21:00:03"}
[34minfo[39m: MongoDB Connected: localhost {"service":"device","timestamp":"2022-03-25 21:00:08"}
[34minfo[39m: Server is listening at http://localhost:8889 {"service":"device","timestamp":"2022-03-25 21:00:08"}
[34minfo[39m: MongoDB Connected: localhost {"service":"device","timestamp":"2022-03-26 10:23:55"}
[34minfo[39m: Server is listening at http://localhost:8889 {"service":"device","timestamp":"2022-03-26 10:23:55"}
[34minfo[39m: MongoDB Connected: localhost {"service":"device","timestamp":"2022-03-26 10:35:59"}
[34minfo[39m: Server is listening at http://localhost:8889 {"service":"device","timestamp":"2022-03-26 10:35:59"}
[34minfo[39m: MongoDB Connected: localhost {"service":"device","timestamp":"2022-03-26 10:36:25"}
[34minfo[39m: Server is listening at http://localhost:8889 {"service":"device","timestamp":"2022-03-26 10:36:25"}
[31merror[39m: Title:  not found {"service":"device","timestamp":"2022-03-26 10:36:31"}
[31merror[39m: Movie already exist {"service":"device","timestamp":"2022-03-26 10:40:02"}
[31merror[39m: Limit exceeded {"service":"device","timestamp":"2022-03-26 10:40:51"}
[31merror[39m: Limit exceeded {"service":"device","timestamp":"2022-03-26 14:58:53"}
[34minfo[39m: MongoDB Connected: localhost {"service":"device","timestamp":"2022-03-27 22:57:27"}
[34minfo[39m: Server is listening at http://localhost:8889 {"service":"device","timestamp":"2022-03-27 22:57:27"}
[34minfo[39m: MongoDB Connected: localhost {"service":"device","timestamp":"2022-03-27 22:58:55"}
[34minfo[39m: Server is listening at http://localhost:8889 {"service":"device","timestamp":"2022-03-27 22:58:55"}
[34minfo[39m: MongoDB Connected: localhost {"service":"device","timestamp":"2022-03-27 22:59:04"}
[34minfo[39m: Server is listening at http://localhost:8889 {"service":"device","timestamp":"2022-03-27 22:59:04"}
[34minfo[39m: MongoDB Connected: localhost {"service":"device","timestamp":"2022-03-27 22:59:09"}
[34minfo[39m: Server is listening at http://localhost:8889 {"service":"device","timestamp":"2022-03-27 22:59:09"}
[34minfo[39m: MongoDB Connected: localhost {"service":"device","timestamp":"2022-03-27 22:59:13"}
[34minfo[39m: Server is listening at http://localhost:8889 {"service":"device","timestamp":"2022-03-27 22:59:13"}
[34minfo[39m: MongoDB Connected: localhost {"service":"device","timestamp":"2022-03-27 23:45:18"}
[34minfo[39m: Server is listening at http://localhost:8889 {"service":"device","timestamp":"2022-03-27 23:45:18"}
[34minfo[39m: MongoDB Connected: localhost {"service":"device","timestamp":"2022-03-27 23:45:34"}
[34minfo[39m: Server is listening at http://localhost:8889 {"service":"device","timestamp":"2022-03-27 23:45:34"}
[34minfo[39m: MongoDB Connected: localhost {"service":"device","timestamp":"2022-03-27 23:46:06"}
[34minfo[39m: Server is listening at http://localhost:8889 {"service":"device","timestamp":"2022-03-27 23:46:06"}
[34minfo[39m: MongoDB Connected: localhost {"service":"device","timestamp":"2022-03-27 23:46:09"}
[34minfo[39m: Server is listening at http://localhost:8889 {"service":"device","timestamp":"2022-03-27 23:46:09"}
[34minfo[39m: MongoDB Connected: localhost {"service":"device","timestamp":"2022-03-27 23:46:13"}
[34minfo[39m: Server is listening at http://localhost:8889 {"service":"device","timestamp":"2022-03-27 23:46:13"}
[34minfo[39m: MongoDB Connected: localhost {"service":"device","timestamp":"2022-03-27 23:46:17"}
[34minfo[39m: Server is listening at http://localhost:8889 {"service":"device","timestamp":"2022-03-27 23:46:17"}
[34minfo[39m: MongoDB Connected: localhost {"service":"device","timestamp":"2022-03-27 23:46:19"}
[34minfo[39m: Server is listening at http://localhost:8889 {"service":"device","timestamp":"2022-03-27 23:46:19"}
[34minfo[39m: MongoDB Connected: localhost {"service":"device","timestamp":"2022-03-27 23:46:22"}
[34minfo[39m: Server is listening at http://localhost:8889 {"service":"device","timestamp":"2022-03-27 23:46:22"}
[34minfo[39m: MongoDB Connected: localhost {"service":"device","timestamp":"2022-03-27 23:46:51"}
[34minfo[39m: Server is listening at http://localhost:8889 {"service":"device","timestamp":"2022-03-27 23:46:51"}
[34minfo[39m: MongoDB Connected: localhost {"service":"device","timestamp":"2022-03-27 23:47:21"}
[34minfo[39m: Server is listening at http://localhost:8889 {"service":"device","timestamp":"2022-03-27 23:47:21"}
[34minfo[39m: MongoDB Connected: localhost {"service":"device","timestamp":"2022-03-27 23:47:40"}
[34minfo[39m: Server is listening at http://localhost:8889 {"service":"device","timestamp":"2022-03-27 23:47:40"}
[34minfo[39m: MongoDB Connected: localhost {"service":"device","timestamp":"2022-03-27 23:47:43"}
[34minfo[39m: Server is listening at http://localhost:8889 {"service":"device","timestamp":"2022-03-27 23:47:43"}
[34minfo[39m: MongoDB Connected: localhost {"service":"device","timestamp":"2022-03-27 23:48:10"}
[34minfo[39m: Server is listening at http://localhost:8889 {"service":"device","timestamp":"2022-03-27 23:48:10"}
[34minfo[39m: MongoDB Connected: localhost {"service":"device","timestamp":"2022-03-27 23:48:19"}
[34minfo[39m: Server is listening at http://localhost:8889 {"service":"device","timestamp":"2022-03-27 23:48:19"}
[34minfo[39m: MongoDB Connected: localhost {"service":"device","timestamp":"2022-03-27 23:48:57"}
[34minfo[39m: Server is listening at http://localhost:8889 {"service":"device","timestamp":"2022-03-27 23:48:57"}
[34minfo[39m: MongoDB Connected: localhost {"service":"device","timestamp":"2022-03-27 23:49:12"}
[34minfo[39m: Server is listening at http://localhost:8889 {"service":"device","timestamp":"2022-03-27 23:49:12"}
[34minfo[39m: MongoDB Connected: localhost {"service":"device","timestamp":"2022-03-27 23:49:43"}
[34minfo[39m: Server is listening at http://localhost:8889 {"service":"device","timestamp":"2022-03-27 23:49:43"}
[31merror[39m: Limit exceeded {"service":"device","timestamp":"2022-03-27 23:50:05"}
[34minfo[39m: MongoDB Connected: localhost {"service":"device","timestamp":"2022-03-27 23:51:32"}
[34minfo[39m: Server is listening at http://localhost:8889 {"service":"device","timestamp":"2022-03-27 23:51:32"}
[34minfo[39m: MongoDB Connected: localhost {"service":"device","timestamp":"2022-03-27 23:51:40"}
[34minfo[39m: Server is listening at http://localhost:8889 {"service":"device","timestamp":"2022-03-27 23:51:40"}
[34minfo[39m: MongoDB Connected: localhost {"service":"device","timestamp":"2022-03-27 23:51:55"}
[34minfo[39m: Server is listening at http://localhost:8889 {"service":"device","timestamp":"2022-03-27 23:51:55"}
[34minfo[39m: MongoDB Connected: localhost {"service":"device","timestamp":"2022-03-27 23:52:57"}
[34minfo[39m: Server is listening at http://localhost:8889 {"service":"device","timestamp":"2022-03-27 23:52:57"}
[34minfo[39m: MongoDB Connected: localhost {"service":"device","timestamp":"2022-03-27 23:53:12"}
[34minfo[39m: Server is listening at http://localhost:8889 {"service":"device","timestamp":"2022-03-27 23:53:12"}
[34minfo[39m: MongoDB Connected: localhost {"service":"device","timestamp":"2022-03-27 23:54:52"}
[34minfo[39m: Server is listening at http://localhost:8889 {"service":"device","timestamp":"2022-03-27 23:54:52"}
[34minfo[39m: MongoDB Connected: localhost {"service":"device","timestamp":"2022-03-27 23:56:40"}
[34minfo[39m: Server is listening at http://localhost:8889 {"service":"device","timestamp":"2022-03-27 23:56:40"}
[34minfo[39m: MongoDB Connected: localhost {"service":"device","timestamp":"2022-03-27 23:56:54"}
[34minfo[39m: Server is listening at http://localhost:8889 {"service":"device","timestamp":"2022-03-27 23:56:54"}
[34minfo[39m: MongoDB Connected: localhost {"service":"device","timestamp":"2022-03-27 23:57:03"}
[34minfo[39m: Server is listening at http://localhost:8889 {"service":"device","timestamp":"2022-03-27 23:57:03"}
[34minfo[39m: MongoDB Connected: localhost {"service":"device","timestamp":"2022-03-27 23:57:33"}
[34minfo[39m: Server is listening at http://localhost:8889 {"service":"device","timestamp":"2022-03-27 23:57:33"}
[31merror[39m: Title: vemwd not found {"service":"device","timestamp":"2022-03-27 23:58:21"}
[31merror[39m: Movie already exist {"service":"device","timestamp":"2022-03-27 23:59:14"}
[34minfo[39m: MongoDB Connected: localhost {"service":"device","timestamp":"2022-03-28 00:01:28"}
[34minfo[39m: Server is listening at http://localhost:8889 {"service":"device","timestamp":"2022-03-28 00:01:28"}
[34minfo[39m: MongoDB Connected: localhost {"service":"device","timestamp":"2022-03-28 00:01:39"}
[34minfo[39m: Server is listening at http://localhost:8889 {"service":"device","timestamp":"2022-03-28 00:01:39"}
[34minfo[39m: MongoDB Connected: localhost {"service":"device","timestamp":"2022-03-28 00:02:30"}
[34minfo[39m: Server is listening at http://localhost:8889 {"service":"device","timestamp":"2022-03-28 00:02:30"}
[34minfo[39m: MongoDB Connected: localhost {"service":"device","timestamp":"2022-03-28 00:02:33"}
[34minfo[39m: Server is listening at http://localhost:8889 {"service":"device","timestamp":"2022-03-28 00:02:33"}
[34minfo[39m: MongoDB Connected: localhost {"service":"device","timestamp":"2022-03-28 00:02:37"}
[34minfo[39m: Server is listening at http://localhost:8889 {"service":"device","timestamp":"2022-03-28 00:02:37"}
[31merror[39m: Movie already exist {"service":"device","timestamp":"2022-03-28 00:03:40"}
[34minfo[39m: MongoDB Connected: localhost {"service":"device","timestamp":"2022-03-28 00:04:53"}
[34minfo[39m: Server is listening at http://localhost:8889 {"service":"device","timestamp":"2022-03-28 00:04:53"}
[31merror[39m: Movie already exist {"service":"device","timestamp":"2022-03-28 00:04:55"}
[34minfo[39m: MongoDB Connected: localhost {"service":"device","timestamp":"2022-03-28 00:05:27"}
[34minfo[39m: Server is listening at http://localhost:8889 {"service":"device","timestamp":"2022-03-28 00:05:27"}
[34minfo[39m: MongoDB Connected: localhost {"service":"device","timestamp":"2022-03-28 00:05:30"}
[34minfo[39m: Server is listening at http://localhost:8889 {"service":"device","timestamp":"2022-03-28 00:05:30"}
[31merror[39m: movies validation failed: released: Cast to date failed for value "N/A" (type string) at path "released" {"service":"device","timestamp":"2022-03-28 00:10:46"}
[31merror[39m: Limit exceeded {"service":"device","timestamp":"2022-03-28 00:11:05"}
[34minfo[39m: MongoDB Connected: localhost {"service":"device","timestamp":"2022-03-28 00:15:20"}
[34minfo[39m: Server is listening at http://localhost:8889 {"service":"device","timestamp":"2022-03-28 00:15:20"}
[31merror[39m: Limit exceeded {"service":"device","timestamp":"2022-03-28 00:15:49"}
[34minfo[39m: MongoDB Connected: localhost {"service":"device","timestamp":"2022-03-28 00:15:59"}
[34minfo[39m: Server is listening at http://localhost:8889 {"service":"device","timestamp":"2022-03-28 00:15:59"}
[34minfo[39m: MongoDB Connected: localhost {"service":"device","timestamp":"2022-03-28 00:16:15"}
[34minfo[39m: Server is listening at http://localhost:8889 {"service":"device","timestamp":"2022-03-28 00:16:15"}
[31merror[39m: Limit exceeded {"service":"device","timestamp":"2022-03-28 00:16:37"}
